18/03/2022, 1:01:45 - INFO - Server is running on port: 3030
18/03/2022, 1:02:24 - ERROR - Failed to get toys | {}
18/03/2022, 1:03:12 - INFO - Server is running on port: 3030
18/03/2022, 1:03:16 - ERROR - Failed to get toys | {}
18/03/2022, 1:03:25 - INFO - Server is running on port: 3030
18/03/2022, 1:03:27 - ERROR - Failed to get toys | {}
18/03/2022, 1:03:47 - INFO - Server is running on port: 3030
18/03/2022, 1:04:03 - INFO - Server is running on port: 3030
18/03/2022, 1:11:04 - INFO - Server is running on port: 3030
18/03/2022, 1:11:59 - INFO - Server is running on port: 3030
18/03/2022, 1:12:07 - INFO - Server is running on port: 3030
18/03/2022, 1:12:53 - INFO - Server is running on port: 3030
18/03/2022, 1:12:58 - INFO - Server is running on port: 3030
18/03/2022, 1:21:37 - INFO - Server is running on port: 3030
18/03/2022, 1:22:51 - INFO - Server is running on port: 3030
18/03/2022, 1:24:18 - INFO - Server is running on port: 3030
18/03/2022, 1:24:24 - INFO - Server is running on port: 3030
18/03/2022, 1:25:06 - INFO - Server is running on port: 3030
18/03/2022, 1:26:09 - INFO - Server is running on port: 3030
18/03/2022, 1:29:45 - INFO - Server is running on port: 3030
18/03/2022, 1:30:08 - INFO - Server is running on port: 3030
18/03/2022, 1:30:31 - INFO - Server is running on port: 3030
18/03/2022, 1:30:39 - INFO - Server is running on port: 3030
18/03/2022, 1:31:54 - INFO - Server is running on port: 3030
18/03/2022, 1:34:13 - INFO - Server is running on port: 3030
18/03/2022, 1:34:16 - INFO - Server is running on port: 3030
18/03/2022, 1:34:18 - INFO - Server is running on port: 3030
18/03/2022, 1:34:31 - INFO - Server is running on port: 3030
18/03/2022, 1:34:38 - INFO - Server is running on port: 3030
18/03/2022, 1:35:55 - INFO - Server is running on port: 3030
18/03/2022, 1:36:20 - INFO - Server is running on port: 3030
18/03/2022, 1:37:09 - INFO - Server is running on port: 3030
18/03/2022, 1:39:59 - INFO - Server is running on port: 3030
18/03/2022, 1:40:28 - INFO - Server is running on port: 3030
18/03/2022, 1:40:48 - INFO - Server is running on port: 3030
18/03/2022, 1:41:23 - INFO - Server is running on port: 3030
18/03/2022, 1:44:14 - INFO - Server is running on port: 3030
18/03/2022, 1:46:32 - INFO - Server is running on port: 3030
18/03/2022, 1:47:23 - INFO - Server is running on port: 3030
18/03/2022, 1:48:24 - INFO - Server is running on port: 3030
18/03/2022, 1:48:38 - INFO - Server is running on port: 3030
18/03/2022, 1:48:58 - INFO - Server is running on port: 3030
18/03/2022, 1:49:21 - INFO - Server is running on port: 3030
18/03/2022, 1:49:43 - INFO - Server is running on port: 3030
18/03/2022, 12:13:14 - INFO - Server is running on port: 3030
18/03/2022, 12:40:03 - INFO - Server is running on port: 3030
18/03/2022, 12:41:06 - INFO - Server is running on port: 3030
18/03/2022, 12:41:11 - INFO - Server is running on port: 3030
18/03/2022, 12:41:22 - INFO - Server is running on port: 3030
18/03/2022, 12:41:27 - INFO - Server is running on port: 3030
18/03/2022, 12:41:30 - INFO - Server is running on port: 3030
18/03/2022, 12:41:39 - INFO - Server is running on port: 3030
18/03/2022, 12:41:45 - INFO - Server is running on port: 3030
18/03/2022, 12:41:57 - INFO - Server is running on port: 3030
18/03/2022, 12:42:18 - INFO - Server is running on port: 3030
18/03/2022, 12:42:21 - INFO - Server is running on port: 3030
18/03/2022, 12:42:31 - INFO - Server is running on port: 3030
18/03/2022, 12:42:38 - INFO - Server is running on port: 3030
18/03/2022, 12:42:56 - INFO - Server is running on port: 3030
18/03/2022, 12:43:03 - INFO - Server is running on port: 3030
18/03/2022, 12:43:12 - INFO - Server is running on port: 3030
18/03/2022, 12:43:41 - INFO - Server is running on port: 3030
18/03/2022, 12:43:45 - INFO - Server is running on port: 3030
18/03/2022, 12:43:48 - INFO - Server is running on port: 3030
18/03/2022, 12:44:02 - INFO - Server is running on port: 3030
18/03/2022, 12:44:05 - INFO - Server is running on port: 3030
18/03/2022, 12:44:20 - INFO - Server is running on port: 3030
18/03/2022, 12:44:23 - INFO - Server is running on port: 3030
18/03/2022, 12:44:46 - INFO - Server is running on port: 3030
18/03/2022, 12:44:47 - INFO - Server is running on port: 3030
18/03/2022, 12:44:57 - INFO - Server is running on port: 3030
18/03/2022, 12:45:03 - INFO - Server is running on port: 3030
18/03/2022, 12:48:19 - INFO - Server is running on port: 3030
18/03/2022, 12:48:20 - INFO - Server is running on port: 3030
18/03/2022, 12:49:14 - INFO - Server is running on port: 3030
18/03/2022, 12:52:21 - INFO - Server is running on port: 3030
18/03/2022, 12:52:27 - INFO - Server is running on port: 3030
18/03/2022, 12:55:03 - INFO - Server is running on port: 3030
18/03/2022, 13:05:35 - INFO - Server is running on port: 3030
18/03/2022, 13:10:37 - ERROR - cannot find toys | {}
18/03/2022, 13:10:37 - ERROR - Failed to get toys | {}
18/03/2022, 13:10:45 - ERROR - cannot find toys | {}
18/03/2022, 13:10:45 - ERROR - Failed to get toys | {}
18/03/2022, 13:10:53 - ERROR - cannot find toys | {}
18/03/2022, 13:10:53 - ERROR - Failed to get toys | {}
18/03/2022, 13:11:35 - ERROR - cannot find toys | {}
18/03/2022, 13:11:35 - ERROR - Failed to get toys | {}
18/03/2022, 13:11:38 - ERROR - cannot find toys | {}
18/03/2022, 13:11:38 - ERROR - Failed to get toys | {}
18/03/2022, 13:11:40 - ERROR - cannot find toys | {}
18/03/2022, 13:11:40 - ERROR - Failed to get toys | {}
18/03/2022, 13:11:40 - ERROR - cannot find toys | {}
18/03/2022, 13:11:40 - ERROR - Failed to get toys | {}
18/03/2022, 13:12:42 - ERROR - cannot find toys | {}
18/03/2022, 13:12:42 - ERROR - Failed to get toys | {}
18/03/2022, 13:12:42 - ERROR - cannot find toys | {}
18/03/2022, 13:12:42 - ERROR - Failed to get toys | {}
18/03/2022, 13:12:49 - ERROR - cannot find toys | {}
18/03/2022, 13:12:49 - ERROR - Failed to get toys | {}
18/03/2022, 13:12:49 - ERROR - cannot find toys | {}
18/03/2022, 13:12:49 - ERROR - Failed to get toys | {}
18/03/2022, 13:13:12 - INFO - Server is running on port: 3030
18/03/2022, 13:13:16 - ERROR - cannot find toys | {}
18/03/2022, 13:13:16 - ERROR - Failed to get toys | {}
18/03/2022, 13:13:16 - ERROR - cannot find toys | {}
18/03/2022, 13:13:16 - ERROR - Failed to get toys | {}
18/03/2022, 13:13:27 - INFO - Server is running on port: 3030
18/03/2022, 13:13:30 - ERROR - cannot find toys | {}
18/03/2022, 13:13:30 - ERROR - Failed to get toys | {}
18/03/2022, 13:13:30 - ERROR - cannot find toys | {}
18/03/2022, 13:13:30 - ERROR - Failed to get toys | {}
18/03/2022, 13:13:36 - INFO - Server is running on port: 3030
18/03/2022, 13:13:39 - ERROR - cannot find toys | {}
18/03/2022, 13:13:39 - ERROR - Failed to get toys | {}
18/03/2022, 13:13:39 - ERROR - cannot find toys | {}
18/03/2022, 13:13:39 - ERROR - Failed to get toys | {}
18/03/2022, 13:13:42 - INFO - Server is running on port: 3030
18/03/2022, 13:13:44 - ERROR - cannot find toys | {}
18/03/2022, 13:13:44 - ERROR - Failed to get toys | {}
18/03/2022, 13:13:44 - ERROR - cannot find toys | {}
18/03/2022, 13:13:44 - ERROR - Failed to get toys | {}
18/03/2022, 13:14:16 - INFO - Server is running on port: 3030
18/03/2022, 13:14:19 - ERROR - cannot find toys | {}
18/03/2022, 13:14:19 - ERROR - Failed to get toys | {}
18/03/2022, 13:14:19 - ERROR - cannot find toys | {}
18/03/2022, 13:14:19 - ERROR - Failed to get toys | {}
18/03/2022, 13:14:53 - INFO - Server is running on port: 3030
18/03/2022, 13:14:55 - ERROR - cannot find toys | {}
18/03/2022, 13:14:55 - ERROR - Failed to get toys | {}
18/03/2022, 13:14:55 - ERROR - cannot find toys | {}
18/03/2022, 13:14:55 - ERROR - Failed to get toys | {}
18/03/2022, 13:15:04 - INFO - Server is running on port: 3030
18/03/2022, 13:15:10 - ERROR - cannot find toys | {}
18/03/2022, 13:15:10 - ERROR - Failed to get toys | {}
18/03/2022, 13:15:10 - ERROR - cannot find toys | {}
18/03/2022, 13:15:10 - ERROR - Failed to get toys | {}
18/03/2022, 13:15:30 - INFO - Server is running on port: 3030
18/03/2022, 13:15:32 - ERROR - cannot find toys | {}
18/03/2022, 13:15:32 - ERROR - Failed to get toys | {}
18/03/2022, 13:15:32 - ERROR - cannot find toys | {}
18/03/2022, 13:15:32 - ERROR - Failed to get toys | {}
18/03/2022, 13:15:41 - INFO - Server is running on port: 3030
18/03/2022, 13:16:08 - INFO - Server is running on port: 3030
18/03/2022, 13:16:12 - INFO - Server is running on port: 3030
18/03/2022, 13:16:17 - INFO - Server is running on port: 3030
18/03/2022, 13:16:35 - INFO - Server is running on port: 3030
18/03/2022, 13:17:07 - INFO - Server is running on port: 3030
18/03/2022, 13:17:09 - INFO - Server is running on port: 3030
18/03/2022, 13:44:16 - INFO - Server is running on port: 3030
18/03/2022, 13:44:19 - DEBUG - auth.service - login with username: avior
18/03/2022, 13:44:31 - INFO - Req from: avior kahalani
18/03/2022, 13:47:42 - DEBUG - auth.service - login with username: avior
18/03/2022, 13:47:54 - DEBUG - auth.service - login with username: toni
18/03/2022, 13:47:54 - ERROR - Failed to Login Invalid username or password
18/03/2022, 13:47:55 - INFO - Req from: avior kahalani
18/03/2022, 13:49:51 - INFO - Req from: avior kahalani
18/03/2022, 13:50:27 - DEBUG - auth.service - signup with username: lala, fullname: lala
18/03/2022, 13:50:27 - DEBUG - auth.route - new account created: {"username":"lala","password":"$2b$10$OygLTHgYcZPnWJSaFnq5/em2SePwQLZnU.toSVdZyBvtfrePFkihu","fullname":"lala","isAdmin":false,"_id":"62347203763f78ecbbbd401d"}
18/03/2022, 13:50:27 - DEBUG - auth.service - login with username: lala
18/03/2022, 13:50:56 - INFO - Req from: lala
18/03/2022, 13:51:03 - DEBUG - auth.service - signup with username: avior, fullname: avior kahalani
18/03/2022, 13:51:03 - DEBUG - auth.route - new account created: {"username":"avior","password":"$2b$10$YtxUDJJeMIkT.S6.0w3vNef5M3Mu/tlNufdq2jInCj.2AWW170kW6","fullname":"avior kahalani","isAdmin":false,"_id":"62347227763f78ecbbbd401e"}
18/03/2022, 13:51:03 - DEBUG - auth.service - login with username: avior
18/03/2022, 13:51:23 - INFO - Req from: avior kahalani
18/03/2022, 13:51:29 - DEBUG - auth.service - login with username: avior
18/03/2022, 13:51:46 - DEBUG - auth.service - signup with username: puki, fullname: puki ben david
18/03/2022, 13:51:46 - DEBUG - auth.route - new account created: {"username":"puki","password":"$2b$10$RtMG4VI8BnOQKkkW4uG1e.YrtqS3dbIs.nTm6NXzax3qBZCr1uNJ2","fullname":"puki ben david","isAdmin":false,"_id":"62347252763f78ecbbbd401f"}
18/03/2022, 13:51:46 - DEBUG - auth.service - login with username: puki
18/03/2022, 13:52:00 - INFO - Req from: puki ben david
18/03/2022, 13:52:15 - INFO - Req from: puki ben david
18/03/2022, 13:52:47 - INFO - Req from: puki ben david
18/03/2022, 13:52:47 - INFO - Req from: puki ben david
18/03/2022, 13:52:51 - INFO - Req from: puki ben david
18/03/2022, 13:52:51 - INFO - Req from: puki ben david
19/03/2022, 19:18:07 - INFO - Server is running on port: 3030
19/03/2022, 19:20:55 - DEBUG - auth.service - login with username: avior
19/03/2022, 19:21:12 - INFO - Req from: avior kahalani
19/03/2022, 19:21:37 - INFO - Req from: avior kahalani
19/03/2022, 19:21:46 - INFO - Req from: avior kahalani
19/03/2022, 19:21:48 - DEBUG - auth.service - login with username: avior
19/03/2022, 19:24:39 - INFO - Req from: avior kahalani
19/03/2022, 19:25:21 - INFO - Req from: avior kahalani
19/03/2022, 19:26:19 - INFO - Req from: avior kahalani
19/03/2022, 19:26:22 - INFO - Req from: avior kahalani
19/03/2022, 19:26:33 - INFO - Req from: avior kahalani
19/03/2022, 19:26:55 - INFO - Req from: avior kahalani
19/03/2022, 19:27:10 - INFO - Req from: avior kahalani
19/03/2022, 19:27:37 - INFO - Req from: avior kahalani
19/03/2022, 19:28:33 - INFO - Req from: avior kahalani
19/03/2022, 19:28:44 - INFO - Req from: avior kahalani
19/03/2022, 19:29:11 - INFO - Req from: avior kahalani
19/03/2022, 19:29:43 - INFO - Req from: avior kahalani
19/03/2022, 19:31:49 - INFO - Req from: avior kahalani
19/03/2022, 19:32:54 - DEBUG - auth.service - login with username: avior
19/03/2022, 19:35:40 - DEBUG - auth.service - login with username: lala
19/03/2022, 19:35:40 - ERROR - Failed to Login Invalid username or password
19/03/2022, 19:42:13 - DEBUG - auth.service - signup with username: lala, fullname: lala lolo
19/03/2022, 19:42:13 - DEBUG - auth.route - new account created: {"username":"lala","password":"$2b$10$6GpAYDf04y7RojtqzCXMsekrYlIcpqKDTNTKINUYuqqwjQtdws9OW","fullname":"lala lolo","isAdmin":false,"_id":"623615f5bcb32788fc3decc6"}
19/03/2022, 19:42:13 - DEBUG - auth.service - login with username: lala
19/03/2022, 19:42:23 - DEBUG - auth.service - login with username: lala
19/03/2022, 19:44:19 - DEBUG - auth.service - login with username: avior
19/03/2022, 19:44:22 - INFO - Req from: avior kahalani
19/03/2022, 19:44:34 - DEBUG - auth.service - login with username: avior
19/03/2022, 19:44:35 - INFO - Req from: avior kahalani
19/03/2022, 19:51:35 - INFO - Server is running on port: 3030
19/03/2022, 19:51:42 - INFO - Server is running on port: 3030
19/03/2022, 19:54:19 - DEBUG - auth.service - login with username: puki
19/03/2022, 19:55:00 - INFO - Server is running on port: 3030
19/03/2022, 19:55:45 - DEBUG - auth.service - login with username: lala
19/03/2022, 19:56:00 - DEBUG - auth.service - login with username: avior
19/03/2022, 19:56:35 - INFO - Server is running on port: 3030
19/03/2022, 19:56:41 - INFO - Server is running on port: 3030
19/03/2022, 19:57:45 - DEBUG - auth.service - login with username: avior
19/03/2022, 19:58:10 - INFO - Server is running on port: 3030
19/03/2022, 19:58:26 - DEBUG - auth.service - login with username: avior
19/03/2022, 20:00:09 - DEBUG - auth.service - signup with username: undefined, fullname: undefined
19/03/2022, 20:00:09 - ERROR - Failed to signup fullname, username and password are required!
19/03/2022, 20:01:32 - DEBUG - auth.service - login with username: avior
19/03/2022, 20:01:45 - ERROR - while finding user 6233c0620a53cd43d7abca16 | {}
19/03/2022, 20:01:45 - ERROR - Failed to get user | {}
19/03/2022, 20:03:50 - DEBUG - auth.service - login with username: puki
19/03/2022, 20:04:09 - WARN - puki ben david Attempt to perform admin action
19/03/2022, 20:04:50 - INFO - Server is running on port: 3030
19/03/2022, 20:04:55 - DEBUG - auth.service - login with username: puki
19/03/2022, 20:05:49 - INFO - Server is running on port: 3030
19/03/2022, 20:05:58 - DEBUG - auth.service - login with username: puki
19/03/2022, 20:06:03 - WARN - puki ben david Attempt to perform admin action
19/03/2022, 20:06:16 - WARN - puki ben david Attempt to perform admin action
19/03/2022, 20:06:38 - DEBUG - auth.service - login with username: avior
19/03/2022, 20:08:38 - DEBUG - auth.service - login with username: avior
19/03/2022, 20:08:41 - INFO - Req from: avior kahalani
19/03/2022, 20:08:50 - INFO - Req from: avior kahalani
19/03/2022, 20:08:59 - DEBUG - auth.service - login with username: puki
19/03/2022, 20:09:01 - INFO - Req from: puki ben david
19/03/2022, 20:09:08 - INFO - Req from: puki ben david
19/03/2022, 20:09:46 - INFO - Server is running on port: 3030
19/03/2022, 20:12:32 - INFO - Server is running on port: 3030
19/03/2022, 20:12:39 - INFO - Server is running on port: 3030
19/03/2022, 20:14:08 - INFO - Server is running on port: 3030
19/03/2022, 20:16:06 - INFO - Server is running on port: 3030
19/03/2022, 20:16:07 - INFO - Server is running on port: 3030
19/03/2022, 20:21:27 - DEBUG - auth.service - login with username: avior
19/03/2022, 20:21:49 - INFO - Req from: avior kahalani
19/03/2022, 20:22:12 - INFO - Server is running on port: 3030
19/03/2022, 20:22:16 - INFO - Server is running on port: 3030
19/03/2022, 20:22:30 - DEBUG - auth.service - login with username: puki
19/03/2022, 20:22:36 - INFO - Req from: puki ben david
19/03/2022, 20:23:12 - INFO - Server is running on port: 3030
19/03/2022, 20:23:54 - DEBUG - auth.service - login with username: puki
19/03/2022, 20:23:58 - WARN - puki ben david Attempt to perform admin action
19/03/2022, 20:24:39 - INFO - Server is running on port: 3030
19/03/2022, 20:24:43 - INFO - Server is running on port: 3030
19/03/2022, 20:27:17 - DEBUG - auth.service - signup with username: admin, fullname: admin
19/03/2022, 20:27:17 - DEBUG - auth.route - new account created: {"username":"admin","password":"$2b$10$QVAWHaxkgj.v9l9sqqQ6t.wfcFwRUVkVmsFqDQ1dhYpPIabvsD4um","fullname":"admin","isAdmin":false,"_id":"6236208506a0f6800076e19e"}
19/03/2022, 20:27:17 - DEBUG - auth.service - login with username: admin
19/03/2022, 20:38:25 - DEBUG - auth.service - login with username: avior
20/03/2022, 10:22:09 - INFO - Server is running on port: 3030
20/03/2022, 10:26:13 - INFO - Server is running on port: 3030
20/03/2022, 10:37:42 - INFO - Server is running on port: 3030
20/03/2022, 10:37:45 - INFO - Server is running on port: 3030
20/03/2022, 10:37:46 - INFO - Server is running on port: 3030
20/03/2022, 10:38:13 - INFO - Server is running on port: 3030
20/03/2022, 10:38:15 - INFO - Server is running on port: 3030
20/03/2022, 10:38:25 - INFO - Server is running on port: 3030
20/03/2022, 11:16:44 - INFO - Server is running on port: 3030
20/03/2022, 14:51:23 - INFO - Server is running on port: 3030
20/03/2022, 14:51:44 - INFO - Server is running on port: 3030
20/03/2022, 14:51:49 - INFO - Server is running on port: 3030
20/03/2022, 14:51:54 - INFO - Server is running on port: 3030
20/03/2022, 14:51:58 - INFO - Server is running on port: 3030
20/03/2022, 14:52:01 - INFO - Server is running on port: 3030
20/03/2022, 14:52:03 - INFO - Server is running on port: 3030
20/03/2022, 14:52:22 - INFO - Server is running on port: 3030
20/03/2022, 14:52:32 - INFO - Server is running on port: 3030
20/03/2022, 14:53:19 - INFO - Server is running on port: 3030
20/03/2022, 14:53:20 - INFO - Server is running on port: 3030
20/03/2022, 14:53:30 - INFO - Server is running on port: 3030
20/03/2022, 14:53:41 - INFO - Server is running on port: 3030
20/03/2022, 14:53:45 - INFO - Server is running on port: 3030
20/03/2022, 14:53:46 - INFO - Server is running on port: 3030
20/03/2022, 14:53:49 - INFO - Server is running on port: 3030
20/03/2022, 14:55:15 - INFO - Server is running on port: 3030
20/03/2022, 14:55:44 - INFO - Server is running on port: 3030
20/03/2022, 18:28:52 - INFO - Server is running on port: 3030
20/03/2022, 18:39:16 - DEBUG - auth.service - login with username: avior
20/03/2022, 18:39:21 - INFO - Req from: avior kahalani
20/03/2022, 18:42:01 - INFO - Req from: avior kahalani
20/03/2022, 18:42:53 - INFO - Req from: avior kahalani
20/03/2022, 18:45:27 - INFO - Req from: avior kahalani
20/03/2022, 18:45:52 - INFO - Req from: avior kahalani
20/03/2022, 18:46:19 - INFO - Req from: avior kahalani
20/03/2022, 18:46:38 - INFO - Req from: avior kahalani
20/03/2022, 18:46:46 - ERROR - Failed to add review | {}
20/03/2022, 18:47:04 - INFO - Server is running on port: 3030
20/03/2022, 18:47:06 - ERROR - Failed to add review | {}
20/03/2022, 18:47:23 - INFO - Server is running on port: 3030
20/03/2022, 18:47:25 - INFO - Server is running on port: 3030
20/03/2022, 18:47:28 - ERROR - Failed to add review | {}
20/03/2022, 18:47:48 - INFO - Server is running on port: 3030
20/03/2022, 18:47:50 - ERROR - Failed to add review | {}
20/03/2022, 18:48:34 - INFO - Server is running on port: 3030
20/03/2022, 18:49:00 - INFO - Server is running on port: 3030
20/03/2022, 18:49:05 - ERROR - Failed to add review | {}
20/03/2022, 18:49:46 - INFO - Server is running on port: 3030
20/03/2022, 18:50:21 - INFO - Server is running on port: 3030
20/03/2022, 18:50:35 - ERROR - Failed to add review | {}
20/03/2022, 18:50:47 - INFO - Server is running on port: 3030
20/03/2022, 18:51:28 - INFO - Server is running on port: 3030
20/03/2022, 18:52:56 - DEBUG - auth.service - login with username: avior
20/03/2022, 18:53:00 - INFO - Req from: avior kahalani
20/03/2022, 18:53:09 - INFO - Req from: avior kahalani
20/03/2022, 18:53:30 - INFO - Server is running on port: 3030
20/03/2022, 18:54:10 - INFO - Server is running on port: 3030
20/03/2022, 18:54:15 - INFO - Server is running on port: 3030
20/03/2022, 18:55:32 - DEBUG - auth.service - login with username: avior
20/03/2022, 18:55:36 - INFO - Req from: avior kahalani
20/03/2022, 18:55:43 - INFO - Req from: avior kahalani
20/03/2022, 18:56:14 - INFO - Req from: avior kahalani
20/03/2022, 18:56:37 - INFO - Req from: avior kahalani
20/03/2022, 18:56:37 - INFO - Req from: avior kahalani
20/03/2022, 18:56:50 - INFO - Req from: avior kahalani
20/03/2022, 18:56:59 - INFO - Req from: avior kahalani
20/03/2022, 18:58:06 - INFO - Server is running on port: 3030
20/03/2022, 18:59:54 - INFO - Server is running on port: 3030
20/03/2022, 19:02:29 - INFO - Server is running on port: 3030
20/03/2022, 19:10:17 - INFO - Server is running on port: 3030
20/03/2022, 19:10:23 - INFO - Server is running on port: 3030
20/03/2022, 19:12:21 - INFO - Server is running on port: 3030
20/03/2022, 19:12:44 - INFO - Server is running on port: 3030
20/03/2022, 19:12:57 - INFO - Server is running on port: 3030
20/03/2022, 19:13:11 - INFO - Server is running on port: 3030
20/03/2022, 19:13:21 - INFO - Server is running on port: 3030
20/03/2022, 19:13:21 - ERROR - Failed to add review | {}
20/03/2022, 19:13:29 - INFO - Server is running on port: 3030
20/03/2022, 19:13:30 - INFO - Server is running on port: 3030
20/03/2022, 19:13:32 - INFO - Server is running on port: 3030
20/03/2022, 19:13:48 - INFO - Server is running on port: 3030
20/03/2022, 20:17:03 - INFO - Server is running on port: 3030
20/03/2022, 20:23:15 - INFO - Server is running on port: 3030
20/03/2022, 20:24:47 - INFO - Server is running on port: 3030
20/03/2022, 20:25:01 - INFO - Server is running on port: 3030
20/03/2022, 20:25:05 - INFO - Server is running on port: 3030
20/03/2022, 20:28:19 - INFO - Server is running on port: 3030
20/03/2022, 20:28:51 - INFO - Server is running on port: 3030
20/03/2022, 20:29:01 - INFO - Server is running on port: 3030
20/03/2022, 20:29:21 - INFO - Server is running on port: 3030
20/03/2022, 20:32:09 - DEBUG - auth.service - login with username: avior
20/03/2022, 20:32:12 - INFO - Req from: avior kahalani
20/03/2022, 20:33:56 - INFO - Server is running on port: 3030
20/03/2022, 20:35:54 - INFO - Server is running on port: 3030
20/03/2022, 20:36:02 - ERROR - Failed to get reviews | {"ok":0,"code":15959,"codeName":"Location15959"}
20/03/2022, 20:38:19 - INFO - Server is running on port: 3030
20/03/2022, 20:38:39 - INFO - Server is running on port: 3030
20/03/2022, 20:39:49 - INFO - Server is running on port: 3030
20/03/2022, 20:40:26 - INFO - Server is running on port: 3030
20/03/2022, 20:41:16 - ERROR - Failed to get reviews | {"ok":0,"code":15959,"codeName":"Location15959"}
20/03/2022, 20:44:17 - INFO - Server is running on port: 3030
20/03/2022, 20:44:18 - INFO - Server is running on port: 3030
20/03/2022, 20:47:18 - INFO - Server is running on port: 3030
20/03/2022, 20:47:19 - INFO - Server is running on port: 3030
20/03/2022, 20:52:14 - INFO - Server is running on port: 3030
20/03/2022, 20:53:31 - INFO - Server is running on port: 3030
20/03/2022, 20:54:03 - INFO - Server is running on port: 3030
20/03/2022, 20:55:19 - INFO - Server is running on port: 3030
20/03/2022, 20:56:16 - INFO - Server is running on port: 3030
20/03/2022, 20:57:25 - DEBUG - auth.service - login with username: puki
20/03/2022, 20:57:49 - DEBUG - auth.service - login with username: lala
20/03/2022, 20:57:53 - INFO - Req from: lala lolo
20/03/2022, 20:58:01 - INFO - Req from: lala lolo
20/03/2022, 21:28:42 - ERROR - Failed to add review | {}
20/03/2022, 21:28:43 - ERROR - Failed to add review | {}
20/03/2022, 21:30:03 - DEBUG - auth.service - login with username: puki
20/03/2022, 21:30:07 - INFO - Req from: puki ben david
20/03/2022, 21:31:20 - INFO - Req from: puki ben david
20/03/2022, 21:35:01 - INFO - Server is running on port: 3030
20/03/2022, 21:35:06 - INFO - Server is running on port: 3030
20/03/2022, 21:35:12 - INFO - Server is running on port: 3030
20/03/2022, 21:36:02 - DEBUG - auth.service - login with username: avior
20/03/2022, 21:36:04 - ERROR - Failed to get reviews | {"ok":0,"code":15959,"codeName":"Location15959"}
20/03/2022, 21:36:34 - INFO - Server is running on port: 3030
20/03/2022, 21:37:04 - INFO - Server is running on port: 3030
20/03/2022, 21:37:15 - INFO - Server is running on port: 3030
20/03/2022, 21:37:19 - INFO - Server is running on port: 3030
20/03/2022, 21:37:44 - ERROR - Failed to get reviews | {"ok":0,"code":15959,"codeName":"Location15959"}
20/03/2022, 21:37:56 - ERROR - Failed to get reviews | {"ok":0,"code":15959,"codeName":"Location15959"}
20/03/2022, 21:39:17 - INFO - Server is running on port: 3030
20/03/2022, 21:39:44 - INFO - Server is running on port: 3030
20/03/2022, 21:39:50 - INFO - Server is running on port: 3030
20/03/2022, 21:41:29 - INFO - Server is running on port: 3030
20/03/2022, 21:42:13 - INFO - Server is running on port: 3030
20/03/2022, 21:43:46 - DEBUG - auth.service - login with username: lala
20/03/2022, 21:43:51 - INFO - Req from: lala lolo
20/03/2022, 21:44:13 - INFO - Req from: lala lolo
20/03/2022, 21:44:34 - INFO - Req from: lala lolo
20/03/2022, 21:44:36 - INFO - Req from: lala lolo
20/03/2022, 21:44:42 - INFO - Req from: lala lolo
20/03/2022, 21:44:51 - DEBUG - auth.service - login with username: admin
20/03/2022, 21:44:55 - INFO - Req from: admin
20/03/2022, 21:45:29 - INFO - Req from: admin
20/03/2022, 21:46:06 - INFO - Req from: admin
20/03/2022, 21:49:02 - INFO - Req from: admin
20/03/2022, 21:49:33 - INFO - Req from: admin
20/03/2022, 21:49:53 - INFO - Req from: admin
20/03/2022, 21:50:10 - INFO - Req from: admin
20/03/2022, 21:50:37 - INFO - Req from: admin
20/03/2022, 21:53:49 - INFO - Req from: admin
20/03/2022, 21:55:40 - INFO - Server is running on port: 3030
20/03/2022, 21:55:41 - INFO - Server is running on port: 3030
20/03/2022, 21:55:42 - INFO - Server is running on port: 3030
20/03/2022, 22:21:11 - INFO - Server is running on port: 3030
20/03/2022, 22:21:58 - DEBUG - auth.service - login with username: admin
20/03/2022, 22:22:00 - INFO - Req from: admin
20/03/2022, 22:23:52 - DEBUG - auth.service - login with username: admin
20/03/2022, 22:23:55 - INFO - Req from: admin
20/03/2022, 22:25:37 - INFO - Req from: admin
20/03/2022, 22:26:40 - INFO - Req from: admin
20/03/2022, 22:32:03 - INFO - Req from: admin
20/03/2022, 22:32:26 - DEBUG - auth.service - login with username: admin
20/03/2022, 22:34:32 - INFO - Req from: admin
20/03/2022, 22:34:40 - DEBUG - auth.service - login with username: avior
20/03/2022, 22:34:42 - INFO - Req from: avior kahalani
20/03/2022, 22:35:52 - INFO - Req from: avior kahalani
20/03/2022, 22:36:21 - INFO - Req from: avior kahalani
20/03/2022, 22:36:25 - INFO - Req from: avior kahalani
20/03/2022, 22:36:32 - INFO - Req from: avior kahalani
20/03/2022, 22:36:32 - INFO - Req from: avior kahalani
20/03/2022, 22:41:03 - INFO - Server is running on port: 3030
20/03/2022, 22:41:24 - INFO - Server is running on port: 3030
20/03/2022, 22:47:26 - DEBUG - auth.service - login with username: puki
20/03/2022, 22:47:30 - INFO - Req from: puki ben david
20/03/2022, 22:48:05 - INFO - Req from: puki ben david
20/03/2022, 23:03:05 - INFO - Server is running on port: 3030
20/03/2022, 23:03:20 - DEBUG - auth.service - login with username: admin
20/03/2022, 23:03:22 - INFO - Req from: admin
20/03/2022, 23:03:29 - INFO - Req from: admin
20/03/2022, 23:03:35 - DEBUG - auth.service - login with username: puki
20/03/2022, 23:03:37 - INFO - Req from: puki ben david
20/03/2022, 23:03:44 - INFO - Req from: puki ben david
20/03/2022, 23:03:48 - INFO - Req from: puki ben david
20/03/2022, 23:03:49 - INFO - Req from: puki ben david
20/03/2022, 23:04:02 - DEBUG - auth.service - login with username: admin
20/03/2022, 23:04:03 - INFO - Req from: admin
20/03/2022, 23:04:08 - INFO - Req from: admin
20/03/2022, 23:04:22 - INFO - Req from: admin
20/03/2022, 23:04:44 - INFO - Req from: admin
20/03/2022, 23:04:54 - INFO - Req from: admin
20/03/2022, 23:13:05 - INFO - Server is running on port: 3030
20/03/2022, 23:13:23 - INFO - Server is running on port: 3030
20/03/2022, 23:14:21 - INFO - Server is running on port: 3030
20/03/2022, 23:14:28 - ERROR - cannot find toys | {}
20/03/2022, 23:14:28 - ERROR - Failed to get toys | {}
20/03/2022, 23:14:32 - ERROR - cannot find toys | {}
20/03/2022, 23:14:32 - ERROR - Failed to get toys | {}
20/03/2022, 23:14:32 - ERROR - cannot find toys | {}
20/03/2022, 23:14:32 - ERROR - Failed to get toys | {}
20/03/2022, 23:17:12 - INFO - Server is running on port: 3030
20/03/2022, 23:17:38 - INFO - Server is running on port: 3030
20/03/2022, 23:19:27 - ERROR - cannot find toys | {}
20/03/2022, 23:19:27 - ERROR - Failed to get toys | {}
20/03/2022, 23:19:27 - ERROR - cannot find toys | {}
20/03/2022, 23:19:27 - ERROR - Failed to get toys | {}
20/03/2022, 23:19:33 - ERROR - cannot find toys | {}
20/03/2022, 23:19:33 - ERROR - Failed to get toys | {}
20/03/2022, 23:19:33 - ERROR - cannot find toys | {}
20/03/2022, 23:19:33 - ERROR - Failed to get toys | {}
20/03/2022, 23:20:50 - ERROR - cannot find toys | {}
20/03/2022, 23:20:50 - ERROR - Failed to get toys | {}
20/03/2022, 23:20:50 - ERROR - cannot find toys | {}
20/03/2022, 23:20:50 - ERROR - Failed to get toys | {}
20/03/2022, 23:21:29 - INFO - Server is running on port: 3030
20/03/2022, 23:21:51 - INFO - Server is running on port: 3030
20/03/2022, 23:22:16 - ERROR - cannot find toys | {}
20/03/2022, 23:22:16 - ERROR - Failed to get toys | {}
20/03/2022, 23:22:16 - ERROR - cannot find toys | {}
20/03/2022, 23:22:16 - ERROR - Failed to get toys | {}
20/03/2022, 23:22:30 - INFO - Server is running on port: 3030
20/03/2022, 23:22:54 - ERROR - cannot find toys | {}
20/03/2022, 23:22:54 - ERROR - Failed to get toys | {}
20/03/2022, 23:22:54 - ERROR - cannot find toys | {}
20/03/2022, 23:22:54 - ERROR - Failed to get toys | {}
20/03/2022, 23:23:20 - ERROR - cannot find toys | {}
20/03/2022, 23:23:20 - ERROR - Failed to get toys | {}
20/03/2022, 23:23:20 - ERROR - cannot find toys | {}
20/03/2022, 23:23:20 - ERROR - Failed to get toys | {}
20/03/2022, 23:23:53 - ERROR - cannot find toys | {}
20/03/2022, 23:23:53 - ERROR - Failed to get toys | {}
20/03/2022, 23:23:53 - ERROR - cannot find toys | {}
20/03/2022, 23:23:53 - ERROR - Failed to get toys | {}
20/03/2022, 23:24:08 - ERROR - cannot find toys | {}
20/03/2022, 23:24:08 - ERROR - Failed to get toys | {}
20/03/2022, 23:24:08 - ERROR - cannot find toys | {}
20/03/2022, 23:24:08 - ERROR - Failed to get toys | {}
20/03/2022, 23:32:37 - INFO - Server is running on port: 3030
20/03/2022, 23:36:02 - DEBUG - auth.service - login with username: admin
20/03/2022, 23:36:05 - INFO - Req from: admin
20/03/2022, 23:39:23 - INFO - Req from: admin
20/03/2022, 23:39:28 - INFO - Req from: admin
20/03/2022, 23:41:30 - INFO - Server is running on port: 3030
20/03/2022, 23:41:31 - INFO - Server is running on port: 3030
20/03/2022, 23:41:32 - INFO - Server is running on port: 3030
20/03/2022, 23:41:47 - INFO - Server is running on port: 3030
20/03/2022, 23:41:58 - DEBUG - auth.service - login with username: admin
20/03/2022, 23:42:01 - INFO - Req from: admin
20/03/2022, 23:42:57 - INFO - Req from: admin
20/03/2022, 23:43:00 - ERROR - Failed to delete review | {}
20/03/2022, 23:43:46 - INFO - Server is running on port: 3030
20/03/2022, 23:44:14 - DEBUG - auth.service - login with username: admin
20/03/2022, 23:44:18 - INFO - Req from: admin
20/03/2022, 23:44:40 - INFO - Req from: admin
20/03/2022, 23:45:00 - INFO - Req from: admin
20/03/2022, 23:45:03 - INFO - Req from: admin
21/03/2022, 8:36:09 - INFO - Server is running on port: 3030
21/03/2022, 8:47:43 - DEBUG - auth.service - login with username: admin
21/03/2022, 8:47:44 - INFO - Req from: admin
21/03/2022, 8:48:09 - INFO - Req from: admin
21/03/2022, 8:55:10 - INFO - Server is running on port: 3030
21/03/2022, 8:56:42 - INFO - Server is running on port: 3030
21/03/2022, 9:02:56 - INFO - Server is running on port: 3030
21/03/2022, 9:17:32 - INFO - Server is running on port: 3030
21/03/2022, 9:18:29 - INFO - Server is running on port: 3030
21/03/2022, 9:21:36 - INFO - Server is running on port: 3030
21/03/2022, 9:21:47 - INFO - Server is running on port: 3030
21/03/2022, 9:23:54 - DEBUG - auth.service - login with username: puki
21/03/2022, 9:23:56 - INFO - Req from: puki ben david
21/03/2022, 9:31:01 - INFO - Req from: puki ben david
21/03/2022, 9:31:02 - INFO - Req from: puki ben david
21/03/2022, 9:32:37 - INFO - Req from: puki ben david
21/03/2022, 9:32:43 - DEBUG - auth.service - login with username: admin
21/03/2022, 9:33:12 - INFO - Req from: admin
21/03/2022, 9:36:35 - INFO - Req from: admin
3/21/2022, 1:55:01 PM - INFO - Server is running on port: 3030
3/21/2022, 1:58:15 PM - INFO - Server is running on port: 3030
3/21/2022, 1:58:37 PM - INFO - Server is running on port: 3030
3/21/2022, 1:59:13 PM - INFO - Server is running on port: 3030
3/21/2022, 1:59:57 PM - INFO - Server is running on port: 3030
3/21/2022, 2:01:26 PM - INFO - Server is running on port: 3030
3/21/2022, 2:03:17 PM - INFO - Server is running on port: 3030
3/21/2022, 2:03:35 PM - INFO - Server is running on port: 3030
3/21/2022, 2:03:47 PM - DEBUG - auth.service - login with username: Eden
3/21/2022, 2:03:47 PM - ERROR - Failed to Login Invalid username or password
3/21/2022, 2:03:54 PM - DEBUG - auth.service - login with username: Eden
3/21/2022, 2:03:54 PM - ERROR - Failed to Login Invalid username or password
3/21/2022, 2:06:12 PM - DEBUG - auth.service - signup with username: admin, fullname: yet another admin
3/21/2022, 2:06:12 PM - DEBUG - auth.route - new account created: {"username":"admin","password":"$2b$10$sgmJJt1nrj3x2A3a6U00Euv9t9g3Xq57B6eBTCn8jVOz7JCeORhyi","fullname":"yet another admin","isAdmin":false,"_id":"62386a3447797f43993c4c22"}
3/21/2022, 2:06:12 PM - DEBUG - auth.service - login with username: admin
3/21/2022, 2:07:05 PM - DEBUG - auth.service - login with username: admin
3/21/2022, 2:07:05 PM - INFO - Req from: yet another admin
3/21/2022, 2:08:03 PM - INFO - Req from: yet another admin
3/21/2022, 2:08:03 PM - INFO - Req from: yet another admin
3/21/2022, 2:08:18 PM - INFO - Req from: yet another admin
3/21/2022, 2:08:18 PM - INFO - Req from: yet another admin
3/21/2022, 2:23:24 PM - INFO - Req from: yet another admin
3/21/2022, 2:23:24 PM - INFO - Req from: yet another admin
3/21/2022, 2:23:24 PM - INFO - Req from: yet another admin
3/21/2022, 2:23:24 PM - INFO - Req from: yet another admin
3/21/2022, 2:23:30 PM - INFO - Req from: yet another admin
3/21/2022, 2:23:30 PM - INFO - Req from: yet another admin
3/21/2022, 2:23:32 PM - INFO - Req from: yet another admin
3/21/2022, 2:23:32 PM - INFO - Req from: yet another admin
3/21/2022, 2:23:39 PM - INFO - Req from: yet another admin
3/21/2022, 2:23:39 PM - INFO - Req from: yet another admin
3/21/2022, 2:23:40 PM - INFO - Req from: yet another admin
3/21/2022, 2:23:40 PM - INFO - Req from: yet another admin
3/21/2022, 2:24:03 PM - INFO - Server is running on port: 3030
3/21/2022, 2:24:11 PM - INFO - Server is running on port: 3030
3/21/2022, 2:24:15 PM - INFO - Server is running on port: 3030
3/21/2022, 2:24:33 PM - DEBUG - auth.service - login with username: admin
3/21/2022, 2:24:34 PM - INFO - Req from: yet another admin
3/21/2022, 2:25:09 PM - INFO - Server is running on port: 3030
3/21/2022, 2:25:14 PM - DEBUG - auth.service - login with username: admin
3/21/2022, 2:25:14 PM - INFO - Req from: yet another admin
3/21/2022, 2:25:20 PM - INFO - Server is running on port: 3030
3/21/2022, 2:25:30 PM - DEBUG - auth.service - login with username: admin
3/21/2022, 2:25:30 PM - INFO - Req from: yet another admin
3/21/2022, 2:25:31 PM - INFO - Req from: yet another admin
3/21/2022, 2:25:31 PM - INFO - Req from: yet another admin
3/21/2022, 2:25:34 PM - INFO - Req from: yet another admin
3/21/2022, 2:25:34 PM - INFO - Req from: yet another admin
3/21/2022, 2:28:40 PM - INFO - Server is running on port: 3030
3/21/2022, 2:28:43 PM - INFO - Server is running on port: 3030
3/21/2022, 3:06:16 PM - DEBUG - auth.service - login with username: admin
3/21/2022, 3:06:16 PM - INFO - Req from: yet another admin
3/21/2022, 3:06:20 PM - INFO - Req from: yet another admin
3/21/2022, 3:06:20 PM - INFO - Req from: yet another admin
3/21/2022, 3:06:27 PM - DEBUG - auth.service - login with username: admin
3/21/2022, 3:06:27 PM - INFO - Req from: yet another admin
3/21/2022, 3:08:23 PM - INFO - Req from: yet another admin
3/21/2022, 3:16:25 PM - INFO - Req from: yet another admin
3/21/2022, 3:16:25 PM - INFO - Req from: yet another admin
3/21/2022, 3:16:31 PM - DEBUG - auth.service - login with username: admin
3/21/2022, 3:16:31 PM - INFO - Req from: yet another admin
3/21/2022, 3:16:32 PM - INFO - Req from: yet another admin
3/21/2022, 3:16:32 PM - INFO - Req from: yet another admin
3/21/2022, 3:16:33 PM - INFO - Req from: yet another admin
3/21/2022, 3:16:33 PM - INFO - Req from: yet another admin
3/21/2022, 3:16:40 PM - INFO - Req from: yet another admin
3/21/2022, 3:16:40 PM - INFO - Req from: yet another admin
3/21/2022, 3:16:46 PM - INFO - Req from: yet another admin
3/21/2022, 3:16:47 PM - INFO - Req from: yet another admin
3/21/2022, 3:16:47 PM - INFO - Req from: yet another admin
3/21/2022, 3:16:56 PM - INFO - Req from: yet another admin
3/21/2022, 3:17:56 PM - INFO - Req from: yet another admin
3/21/2022, 3:17:56 PM - INFO - Req from: yet another admin
3/21/2022, 3:18:28 PM - INFO - Req from: yet another admin
3/21/2022, 3:18:28 PM - INFO - Req from: yet another admin
3/21/2022, 3:18:29 PM - INFO - Req from: yet another admin
3/21/2022, 3:18:29 PM - INFO - Req from: yet another admin
3/21/2022, 3:18:32 PM - INFO - Req from: yet another admin
3/21/2022, 3:19:23 PM - INFO - Req from: yet another admin
3/21/2022, 3:19:23 PM - INFO - Req from: yet another admin
3/21/2022, 3:19:25 PM - INFO - Req from: yet another admin
3/21/2022, 3:19:28 PM - INFO - Req from: yet another admin
3/21/2022, 3:19:28 PM - INFO - Req from: yet another admin
3/21/2022, 3:19:30 PM - INFO - Req from: yet another admin
3/21/2022, 3:19:34 PM - INFO - Req from: yet another admin
3/21/2022, 3:19:34 PM - INFO - Req from: yet another admin
3/21/2022, 3:19:35 PM - INFO - Req from: yet another admin
3/21/2022, 3:19:55 PM - INFO - Req from: yet another admin
3/21/2022, 3:19:55 PM - INFO - Req from: yet another admin
3/21/2022, 3:19:57 PM - INFO - Req from: yet another admin
3/21/2022, 3:19:57 PM - INFO - Req from: yet another admin
3/21/2022, 3:20:02 PM - INFO - Req from: yet another admin
3/21/2022, 3:20:02 PM - INFO - Req from: yet another admin
3/21/2022, 3:20:04 PM - INFO - Req from: yet another admin
3/21/2022, 3:20:04 PM - INFO - Req from: yet another admin
3/21/2022, 3:20:13 PM - INFO - Req from: yet another admin
3/21/2022, 3:20:13 PM - INFO - Req from: yet another admin
3/21/2022, 3:20:14 PM - INFO - Req from: yet another admin
3/21/2022, 3:20:14 PM - INFO - Req from: yet another admin
3/21/2022, 3:21:09 PM - INFO - Req from: yet another admin
3/21/2022, 3:21:10 PM - INFO - Req from: yet another admin
3/21/2022, 3:21:10 PM - INFO - Req from: yet another admin
3/21/2022, 3:21:18 PM - DEBUG - auth.service - login with username: admin
3/21/2022, 3:21:18 PM - INFO - Req from: yet another admin
3/21/2022, 3:28:44 PM - INFO - Server is running on port: 3030
3/21/2022, 3:28:45 PM - INFO - Server is running on port: 3030
3/21/2022, 4:02:04 PM - INFO - Server is running on port: 3030
3/21/2022, 4:06:56 PM - DEBUG - auth.service - login with username: admin
3/21/2022, 4:06:57 PM - INFO - Req from: yet another admin
3/21/2022, 4:07:20 PM - INFO - Req from: yet another admin
3/21/2022, 4:07:26 PM - INFO - Req from: yet another admin
3/21/2022, 4:07:37 PM - INFO - Req from: yet another admin
3/21/2022, 4:08:16 PM - INFO - Req from: yet another admin
3/21/2022, 4:08:22 PM - INFO - Req from: yet another admin
3/21/2022, 4:08:33 PM - INFO - Req from: yet another admin
3/21/2022, 4:08:46 PM - INFO - Req from: yet another admin
3/21/2022, 4:08:55 PM - INFO - Req from: yet another admin
3/21/2022, 4:09:17 PM - INFO - Req from: yet another admin
3/21/2022, 4:09:24 PM - INFO - Req from: yet another admin
3/21/2022, 4:09:36 PM - INFO - Req from: yet another admin
3/21/2022, 4:10:02 PM - DEBUG - auth.service - login with username: admin
3/21/2022, 4:10:02 PM - INFO - Req from: yet another admin
3/21/2022, 4:10:36 PM - INFO - Req from: yet another admin
3/21/2022, 4:10:36 PM - INFO - Req from: yet another admin
3/21/2022, 4:11:13 PM - INFO - Req from: yet another admin
3/21/2022, 4:11:19 PM - INFO - Req from: yet another admin
3/21/2022, 4:11:19 PM - INFO - Req from: yet another admin
3/21/2022, 4:11:19 PM - INFO - Req from: yet another admin
3/21/2022, 4:11:34 PM - INFO - Req from: yet another admin
3/21/2022, 4:12:34 PM - DEBUG - auth.service - login with username: admin
3/21/2022, 4:12:34 PM - INFO - Req from: yet another admin
3/21/2022, 4:12:53 PM - INFO - Req from: yet another admin
3/21/2022, 4:13:23 PM - INFO - Req from: yet another admin
3/21/2022, 4:14:12 PM - INFO - Req from: yet another admin
3/21/2022, 4:14:22 PM - INFO - Req from: yet another admin
3/21/2022, 4:14:59 PM - INFO - Req from: yet another admin
3/21/2022, 4:15:09 PM - INFO - Req from: yet another admin
3/21/2022, 4:15:24 PM - INFO - Req from: yet another admin
3/21/2022, 4:16:18 PM - DEBUG - auth.service - login with username: admin
3/21/2022, 4:16:18 PM - INFO - Req from: yet another admin
3/21/2022, 4:16:32 PM - INFO - Req from: yet another admin
3/21/2022, 4:16:44 PM - DEBUG - auth.service - login with username: admin
3/21/2022, 4:16:44 PM - INFO - Req from: yet another admin
3/21/2022, 4:17:16 PM - INFO - Req from: yet another admin
3/21/2022, 4:17:24 PM - DEBUG - auth.service - login with username: admin
3/21/2022, 4:17:24 PM - INFO - Req from: yet another admin
3/21/2022, 4:17:37 PM - INFO - Req from: yet another admin
3/21/2022, 4:19:14 PM - INFO - Req from: yet another admin
3/21/2022, 4:19:27 PM - INFO - Req from: yet another admin
3/21/2022, 4:21:12 PM - INFO - Req from: yet another admin
3/21/2022, 4:21:46 PM - INFO - Req from: yet another admin
3/21/2022, 4:22:28 PM - INFO - Req from: yet another admin
3/21/2022, 4:23:08 PM - INFO - Req from: yet another admin
3/21/2022, 4:25:41 PM - DEBUG - auth.service - login with username: admin
3/21/2022, 4:25:41 PM - INFO - Req from: yet another admin
3/21/2022, 4:27:16 PM - INFO - Req from: yet another admin
3/21/2022, 4:27:52 PM - INFO - Req from: yet another admin
3/21/2022, 4:27:57 PM - INFO - Req from: yet another admin
3/21/2022, 4:30:33 PM - INFO - Req from: yet another admin
3/21/2022, 4:34:47 PM - INFO - Server is running on port: 3030
3/21/2022, 4:35:11 PM - INFO - Server is running on port: 3030
3/21/2022, 4:35:17 PM - DEBUG - auth.service - login with username: admin
3/21/2022, 4:35:17 PM - INFO - Req from: yet another admin
3/21/2022, 4:35:23 PM - INFO - Req from: yet another admin
3/21/2022, 4:35:46 PM - INFO - Req from: yet another admin
3/21/2022, 4:39:50 PM - INFO - Req from: yet another admin
3/21/2022, 4:40:20 PM - INFO - Server is running on port: 3030
3/21/2022, 4:45:27 PM - INFO - Server is running on port: 3030
3/21/2022, 4:45:35 PM - DEBUG - auth.service - login with username: admin
3/21/2022, 4:45:35 PM - INFO - Req from: yet another admin
3/21/2022, 4:46:27 PM - INFO - Server is running on port: 3030
3/21/2022, 4:46:27 PM - DEBUG - broadcast to all but user:  | 
3/21/2022, 4:46:27 PM - DEBUG - broadcast to all but user:  | 
3/21/2022, 4:46:27 PM - DEBUG - broadcast to all but user:  | 
3/21/2022, 4:46:27 PM - DEBUG - broadcast to all but user:  | 
3/21/2022, 4:46:27 PM - DEBUG - broadcast to all but user:  | 
3/21/2022, 4:46:33 PM - DEBUG - broadcast to all but user:  | 
3/21/2022, 4:46:36 PM - DEBUG - broadcast to all but user:  | 
3/21/2022, 4:46:37 PM - DEBUG - broadcast to all but user:  | 
3/21/2022, 4:46:37 PM - DEBUG - broadcast to all but user:  | 
3/21/2022, 4:46:37 PM - DEBUG - broadcast to all but user:  | 
3/21/2022, 4:46:37 PM - DEBUG - broadcast to all but user:  | 
3/21/2022, 4:46:37 PM - DEBUG - broadcast to all but user:  | 
3/21/2022, 4:46:37 PM - DEBUG - broadcast to all but user:  | 
3/21/2022, 4:46:37 PM - DEBUG - broadcast to all but user:  | 
3/21/2022, 4:46:37 PM - DEBUG - broadcast to all but user:  | 
3/21/2022, 4:46:37 PM - DEBUG - broadcast to all but user:  | 
3/21/2022, 4:46:37 PM - DEBUG - broadcast to all but user:  | 
3/21/2022, 4:46:37 PM - DEBUG - broadcast to all but user:  | 
3/21/2022, 4:46:38 PM - DEBUG - broadcast to all but user:  | 
3/21/2022, 4:46:38 PM - DEBUG - broadcast to all but user:  | 
3/21/2022, 4:46:47 PM - DEBUG - broadcast to all but user:  | 
3/21/2022, 4:46:47 PM - DEBUG - broadcast to all but user:  | 
3/21/2022, 4:46:47 PM - DEBUG - broadcast to all but user:  | 
3/21/2022, 4:46:47 PM - DEBUG - broadcast to all but user:  | 
3/21/2022, 4:46:48 PM - DEBUG - broadcast to all but user:  | 
3/21/2022, 4:46:48 PM - DEBUG - broadcast to all but user:  | 
3/21/2022, 4:46:48 PM - DEBUG - broadcast to all but user:  | 
3/21/2022, 4:46:48 PM - DEBUG - broadcast to all but user:  | 
3/21/2022, 4:46:48 PM - DEBUG - broadcast to all but user:  | 
3/21/2022, 4:46:48 PM - DEBUG - broadcast to all but user:  | 
3/21/2022, 4:46:48 PM - DEBUG - broadcast to all but user:  | 
3/21/2022, 4:46:48 PM - DEBUG - broadcast to all but user:  | 
3/21/2022, 4:46:48 PM - DEBUG - broadcast to all but user:  | 
3/21/2022, 4:46:48 PM - DEBUG - broadcast to all but user:  | 
3/21/2022, 4:46:48 PM - DEBUG - broadcast to all but user:  | 
3/21/2022, 4:46:48 PM - DEBUG - broadcast to all but user:  | 
3/21/2022, 4:46:48 PM - DEBUG - broadcast to all but user:  | 
3/21/2022, 4:46:48 PM - DEBUG - broadcast to all but user:  | 
3/21/2022, 4:46:48 PM - DEBUG - broadcast to all but user:  | 
3/21/2022, 4:46:48 PM - DEBUG - broadcast to all but user:  | 
3/21/2022, 4:46:49 PM - DEBUG - broadcast to all but user:  | 
3/21/2022, 4:46:49 PM - DEBUG - broadcast to all but user:  | 
3/21/2022, 4:46:49 PM - DEBUG - broadcast to all but user:  | 
3/21/2022, 4:46:50 PM - DEBUG - broadcast to all but user:  | 
3/21/2022, 4:46:51 PM - DEBUG - broadcast to all but user:  | 
3/21/2022, 4:47:02 PM - DEBUG - auth.service - login with username: admin
3/21/2022, 4:47:02 PM - INFO - Req from: yet another admin
3/21/2022, 4:47:04 PM - DEBUG - broadcast to all but user:  | 
3/21/2022, 4:47:11 PM - DEBUG - broadcast to all but user:  | 
3/21/2022, 4:47:12 PM - DEBUG - broadcast to all but user:  | 
3/21/2022, 4:47:12 PM - DEBUG - broadcast to all but user:  | 
3/21/2022, 4:47:14 PM - DEBUG - broadcast to all but user:  | 
3/21/2022, 4:47:14 PM - DEBUG - broadcast to all but user:  | 
3/21/2022, 4:47:14 PM - DEBUG - broadcast to all but user:  | 
3/21/2022, 4:47:14 PM - DEBUG - broadcast to all but user:  | 
3/21/2022, 4:47:14 PM - DEBUG - broadcast to all but user:  | 
3/21/2022, 4:47:14 PM - DEBUG - broadcast to all but user:  | 
3/21/2022, 4:47:14 PM - DEBUG - broadcast to all but user:  | 
3/21/2022, 4:47:14 PM - DEBUG - broadcast to all but user:  | 
3/21/2022, 4:47:14 PM - DEBUG - broadcast to all but user:  | 
3/21/2022, 4:47:22 PM - INFO - Req from: yet another admin
3/21/2022, 4:47:23 PM - DEBUG - broadcast to all but user:  | 
3/21/2022, 4:47:23 PM - DEBUG - broadcast to all but user:  | 
3/21/2022, 4:47:24 PM - DEBUG - broadcast to all but user:  | 
3/21/2022, 4:47:24 PM - DEBUG - broadcast to all but user:  | 
3/21/2022, 4:47:24 PM - DEBUG - broadcast to all but user:  | 
3/21/2022, 4:47:24 PM - DEBUG - broadcast to all but user:  | 
3/21/2022, 4:47:24 PM - DEBUG - broadcast to all but user:  | 
3/21/2022, 4:47:24 PM - DEBUG - broadcast to all but user:  | 
3/21/2022, 4:47:24 PM - DEBUG - broadcast to all but user:  | 
3/21/2022, 4:47:24 PM - DEBUG - broadcast to all but user:  | 
3/21/2022, 4:47:26 PM - DEBUG - broadcast to all but user:  | 
3/21/2022, 4:49:51 PM - INFO - Server is running on port: 3030
3/21/2022, 4:49:54 PM - DEBUG - broadcast to all but user:  | 
3/21/2022, 4:50:36 PM - INFO - Server is running on port: 3030
3/21/2022, 4:50:43 PM - DEBUG - broadcast to all but user:  | 
3/21/2022, 4:51:02 PM - INFO - Server is running on port: 3030
3/21/2022, 4:51:04 PM - DEBUG - broadcast to all but user:  | 
3/21/2022, 4:51:34 PM - DEBUG - auth.service - login with username: admin
3/21/2022, 4:51:34 PM - INFO - Req from: yet another admin
3/21/2022, 4:51:36 PM - DEBUG - broadcast to all but user:  | 
3/21/2022, 4:51:37 PM - DEBUG - broadcast to all but user:  | 
3/21/2022, 4:51:38 PM - DEBUG - broadcast to all but user:  | 
3/21/2022, 4:51:39 PM - DEBUG - broadcast to all but user:  | 
3/21/2022, 4:51:40 PM - DEBUG - broadcast to all but user:  | 
3/21/2022, 4:51:50 PM - INFO - Server is running on port: 3030
3/21/2022, 4:51:55 PM - DEBUG - auth.service - login with username: admin
3/21/2022, 4:51:55 PM - INFO - Req from: yet another admin
3/21/2022, 4:51:58 PM - DEBUG - broadcast to all but user:  | 
3/21/2022, 4:52:20 PM - INFO - Server is running on port: 3030
3/21/2022, 4:52:22 PM - DEBUG - broadcast to all but user:  | 
3/21/2022, 4:52:36 PM - INFO - Server is running on port: 3030
3/21/2022, 4:52:37 PM - DEBUG - broadcast to all but user:  | 
3/21/2022, 4:52:47 PM - INFO - Server is running on port: 3030
3/21/2022, 4:52:50 PM - DEBUG - broadcast to all but user:  | 
3/21/2022, 4:53:02 PM - INFO - Server is running on port: 3030
3/21/2022, 4:53:04 PM - DEBUG - broadcast to all but user:  | 
3/21/2022, 4:53:06 PM - DEBUG - broadcast to all but user:  | 
3/21/2022, 4:53:07 PM - DEBUG - broadcast to all but user:  | 
3/21/2022, 4:53:07 PM - DEBUG - broadcast to all but user:  | 
3/21/2022, 4:53:09 PM - DEBUG - broadcast to all but user:  | 
3/21/2022, 4:54:06 PM - DEBUG - auth.service - login with username: admin
3/21/2022, 4:54:07 PM - INFO - Req from: yet another admin
3/21/2022, 4:54:09 PM - DEBUG - broadcast to all but user:  | 
3/21/2022, 4:54:09 PM - DEBUG - broadcast to all but user:  | 
3/21/2022, 4:54:09 PM - DEBUG - broadcast to all but user:  | 
3/21/2022, 4:54:10 PM - DEBUG - broadcast to all but user:  | 
3/21/2022, 4:54:56 PM - INFO - Server is running on port: 3030
3/21/2022, 4:55:00 PM - DEBUG - broadcast to all but user:  | 
3/21/2022, 4:55:00 PM - DEBUG - broadcast to all but user:  | 
3/21/2022, 4:55:01 PM - DEBUG - broadcast to all but user:  | 
3/21/2022, 4:55:01 PM - DEBUG - broadcast to all but user:  | 
3/21/2022, 4:55:01 PM - DEBUG - broadcast to all but user:  | 
3/21/2022, 4:55:01 PM - DEBUG - broadcast to all but user:  | 
3/21/2022, 4:55:02 PM - DEBUG - broadcast to all but user:  | 
3/21/2022, 4:55:04 PM - DEBUG - broadcast to all but user:  | 
3/21/2022, 4:55:04 PM - DEBUG - broadcast to all but user:  | 
3/21/2022, 4:55:05 PM - DEBUG - broadcast to all but user:  | 
3/21/2022, 4:55:05 PM - DEBUG - broadcast to all but user:  | 
3/21/2022, 4:55:05 PM - DEBUG - broadcast to all but user:  | 
3/21/2022, 4:55:05 PM - DEBUG - broadcast to all but user:  | 
3/21/2022, 4:55:05 PM - DEBUG - broadcast to all but user:  | 
3/21/2022, 4:55:06 PM - DEBUG - broadcast to all but user:  | 
3/21/2022, 4:55:06 PM - DEBUG - broadcast to all but user:  | 
3/21/2022, 4:55:07 PM - DEBUG - broadcast to all but user:  | 
3/21/2022, 4:55:07 PM - DEBUG - broadcast to all but user:  | 
3/21/2022, 4:58:14 PM - INFO - Server is running on port: 3030
3/21/2022, 4:58:20 PM - DEBUG - broadcast to all but user:  | 
3/21/2022, 4:58:38 PM - INFO - Server is running on port: 3030
3/21/2022, 4:58:39 PM - DEBUG - broadcast to all but user:  | 
3/21/2022, 4:58:42 PM - DEBUG - broadcast to all but user:  | 
3/21/2022, 4:58:42 PM - DEBUG - broadcast to all but user:  | 
3/21/2022, 4:58:43 PM - DEBUG - broadcast to all but user:  | 
3/21/2022, 4:58:43 PM - DEBUG - broadcast to all but user:  | 
3/21/2022, 4:58:43 PM - DEBUG - broadcast to all but user:  | 
3/21/2022, 4:58:45 PM - DEBUG - broadcast to all but user:  | 
3/21/2022, 4:58:45 PM - DEBUG - broadcast to all but user:  | 
3/21/2022, 4:58:45 PM - DEBUG - broadcast to all but user:  | 
3/21/2022, 4:58:46 PM - DEBUG - broadcast to all but user:  | 
3/21/2022, 4:58:46 PM - DEBUG - broadcast to all but user:  | 
3/21/2022, 4:58:46 PM - DEBUG - broadcast to all but user:  | 
3/21/2022, 4:58:46 PM - DEBUG - broadcast to all but user:  | 
3/21/2022, 4:58:46 PM - DEBUG - broadcast to all but user:  | 
3/21/2022, 4:58:46 PM - DEBUG - broadcast to all but user:  | 
3/21/2022, 4:58:46 PM - DEBUG - broadcast to all but user:  | 
3/21/2022, 4:58:46 PM - DEBUG - broadcast to all but user:  | 
3/21/2022, 4:58:46 PM - DEBUG - broadcast to all but user:  | 
3/21/2022, 4:58:46 PM - DEBUG - broadcast to all but user:  | 
3/21/2022, 4:58:46 PM - DEBUG - broadcast to all but user:  | 
3/21/2022, 4:58:47 PM - DEBUG - broadcast to all but user:  | 
3/21/2022, 4:58:47 PM - DEBUG - broadcast to all but user:  | 
3/21/2022, 4:58:47 PM - DEBUG - broadcast to all but user:  | 
3/21/2022, 4:58:57 PM - INFO - Server is running on port: 3030
3/21/2022, 4:59:17 PM - INFO - Server is running on port: 3030
3/21/2022, 4:59:19 PM - DEBUG - broadcast to all but user:  | 
3/21/2022, 4:59:20 PM - DEBUG - broadcast to all but user:  | 
3/21/2022, 4:59:35 PM - INFO - Server is running on port: 3030
3/21/2022, 4:59:52 PM - DEBUG - auth.service - login with username: admin
3/21/2022, 4:59:52 PM - INFO - Req from: yet another admin
3/21/2022, 4:59:58 PM - DEBUG - broadcast to all but user:  | 
3/21/2022, 5:00:01 PM - DEBUG - broadcast to all but user:  | 
3/21/2022, 5:00:01 PM - DEBUG - broadcast to all but user:  | 
3/21/2022, 5:00:01 PM - DEBUG - broadcast to all but user:  | 
3/21/2022, 5:00:01 PM - DEBUG - broadcast to all but user:  | 
3/21/2022, 5:00:02 PM - DEBUG - broadcast to all but user:  | 
3/21/2022, 5:00:02 PM - DEBUG - broadcast to all but user:  | 
3/21/2022, 5:00:02 PM - DEBUG - broadcast to all but user:  | 
3/21/2022, 5:00:02 PM - DEBUG - broadcast to all but user:  | 
3/21/2022, 5:00:02 PM - DEBUG - broadcast to all but user:  | 
3/21/2022, 5:00:02 PM - DEBUG - broadcast to all but user:  | 
3/21/2022, 5:00:02 PM - DEBUG - broadcast to all but user:  | 
3/21/2022, 5:00:02 PM - DEBUG - broadcast to all but user:  | 
3/21/2022, 5:00:02 PM - DEBUG - broadcast to all but user:  | 
3/21/2022, 5:00:02 PM - DEBUG - broadcast to all but user:  | 
3/21/2022, 5:00:02 PM - DEBUG - broadcast to all but user:  | 
3/21/2022, 5:00:02 PM - DEBUG - broadcast to all but user:  | 
3/21/2022, 5:00:02 PM - DEBUG - broadcast to all but user:  | 
3/21/2022, 5:00:02 PM - DEBUG - broadcast to all but user:  | 
3/21/2022, 5:00:02 PM - DEBUG - broadcast to all but user:  | 
3/21/2022, 5:00:03 PM - DEBUG - broadcast to all but user:  | 
3/21/2022, 5:00:03 PM - DEBUG - broadcast to all but user:  | 
3/21/2022, 5:00:03 PM - DEBUG - broadcast to all but user:  | 
3/21/2022, 5:01:07 PM - INFO - Server is running on port: 3030
3/21/2022, 5:01:22 PM - DEBUG - auth.service - login with username: admin
3/21/2022, 5:01:22 PM - INFO - Req from: yet another admin
3/21/2022, 5:01:30 PM - INFO - Req from: yet another admin
3/21/2022, 5:08:09 PM - INFO - Server is running on port: 3030
3/21/2022, 5:08:24 PM - DEBUG - auth.service - login with username: admin
3/21/2022, 5:08:25 PM - INFO - Req from: yet another admin
3/21/2022, 5:08:31 PM - INFO - Server is running on port: 3030
3/21/2022, 5:09:30 PM - INFO - Server is running on port: 3030
3/21/2022, 5:09:38 PM - DEBUG - auth.service - login with username: admin
3/21/2022, 5:09:38 PM - INFO - Req from: yet another admin
3/21/2022, 5:11:32 PM - INFO - Req from: yet another admin
3/21/2022, 5:11:49 PM - INFO - Req from: yet another admin
3/21/2022, 5:13:02 PM - INFO - Req from: yet another admin
3/21/2022, 5:13:08 PM - INFO - Req from: yet another admin
3/21/2022, 5:13:14 PM - DEBUG - auth.service - login with username: admin
3/21/2022, 5:13:14 PM - INFO - Req from: yet another admin
3/21/2022, 5:13:51 PM - INFO - Server is running on port: 3030
3/21/2022, 5:14:14 PM - INFO - Server is running on port: 3030
3/21/2022, 5:14:31 PM - INFO - Server is running on port: 3030
3/21/2022, 6:28:09 PM - DEBUG - auth.service - login with username: admin
3/21/2022, 6:28:09 PM - INFO - Req from: yet another admin
3/21/2022, 6:28:32 PM - INFO - Server is running on port: 3030
3/21/2022, 6:28:45 PM - DEBUG - auth.service - login with username: admin
3/21/2022, 6:28:46 PM - INFO - Req from: yet another admin
3/21/2022, 6:30:00 PM - INFO - Req from: yet another admin
3/21/2022, 6:30:06 PM - DEBUG - auth.service - login with username: admin
3/21/2022, 6:30:06 PM - INFO - Req from: yet another admin
3/27/2022, 6:16:05 PM - INFO - Server is running on port: 3030
3/27/2022, 6:17:33 PM - INFO - Server is running on port: 3030
3/27/2022, 6:17:39 PM - INFO - Server is running on port: 3030
3/27/2022, 6:19:13 PM - INFO - Server is running on port: 3030
3/27/2022, 6:19:19 PM - INFO - Server is running on port: 3030
3/27/2022, 6:19:33 PM - INFO - Server is running on port: 3030
3/27/2022, 6:19:55 PM - INFO - Server is running on port: 3030
3/27/2022, 6:20:00 PM - INFO - Server is running on port: 3030
3/27/2022, 6:20:24 PM - INFO - Server is running on port: 3030
3/27/2022, 6:21:44 PM - ERROR - cannot remove toy vX7sM2MI | {}
3/27/2022, 6:22:16 PM - ERROR - cannot remove toy vX7sM2MI | {}
3/27/2022, 6:22:56 PM - INFO - Server is running on port: 3030
3/27/2022, 6:24:26 PM - INFO - Server is running on port: 3030
3/27/2022, 6:24:30 PM - INFO - Server is running on port: 3030
3/27/2022, 6:24:44 PM - INFO - Server is running on port: 3030
3/27/2022, 6:25:15 PM - INFO - Server is running on port: 3030
3/27/2022, 6:25:31 PM - INFO - Server is running on port: 3030
3/27/2022, 6:26:11 PM - INFO - Server is running on port: 3030
3/27/2022, 6:27:11 PM - INFO - Server is running on port: 3030
3/27/2022, 6:27:32 PM - INFO - Server is running on port: 3030
3/27/2022, 6:30:10 PM - INFO - Server is running on port: 3030
3/27/2022, 6:31:27 PM - INFO - Server is running on port: 3030
3/27/2022, 6:32:09 PM - INFO - Server is running on port: 3030
3/27/2022, 6:32:14 PM - INFO - Server is running on port: 3030
3/27/2022, 6:34:13 PM - INFO - Server is running on port: 3030
3/27/2022, 6:34:31 PM - INFO - Server is running on port: 3030
3/27/2022, 6:35:18 PM - INFO - Server is running on port: 3030
3/27/2022, 6:37:12 PM - INFO - Server is running on port: 3030
3/27/2022, 6:37:44 PM - INFO - Server is running on port: 3030
3/27/2022, 6:37:56 PM - INFO - Server is running on port: 3030
3/27/2022, 6:38:21 PM - INFO - Server is running on port: 3030
3/27/2022, 6:40:41 PM - INFO - Server is running on port: 3030
3/27/2022, 6:40:55 PM - INFO - Server is running on port: 3030
3/27/2022, 6:41:37 PM - INFO - Server is running on port: 3030
3/27/2022, 6:43:31 PM - INFO - Server is running on port: 3030
3/27/2022, 6:44:45 PM - INFO - Server is running on port: 3030
3/27/2022, 6:46:27 PM - INFO - Server is running on port: 3030
3/27/2022, 6:46:41 PM - INFO - Server is running on port: 3030
3/27/2022, 6:47:11 PM - INFO - Server is running on port: 3030
3/27/2022, 7:32:47 PM - INFO - Server is running on port: 3030
3/27/2022, 8:28:04 PM - INFO - Server is running on port: 3030
3/27/2022, 8:31:15 PM - INFO - Server is running on port: 3030
3/27/2022, 8:31:20 PM - INFO - Server is running on port: 3030
3/27/2022, 8:38:22 PM - INFO - Server is running on port: 3030
3/27/2022, 8:41:58 PM - INFO - Server is running on port: 3030
3/27/2022, 8:49:00 PM - ERROR - while finding toy undefined | {}
3/27/2022, 8:49:05 PM - ERROR - while finding toy undefined | {}
3/27/2022, 8:49:39 PM - ERROR - while finding toy undefined | {}
3/27/2022, 8:51:53 PM - ERROR - while finding toy undefined | {}
3/27/2022, 8:52:51 PM - ERROR - while finding toy undefined | {}
3/27/2022, 8:56:00 PM - INFO - Server is running on port: 3030
3/27/2022, 8:56:35 PM - ERROR - while finding toy undefined | {}
3/27/2022, 9:16:13 PM - INFO - Server is running on port: 3030
3/28/2022, 9:10:40 AM - INFO - Server is running on port: 3030
3/28/2022, 9:23:12 AM - INFO - Server is running on port: 3030
3/28/2022, 9:25:27 AM - INFO - Server is running on port: 3030
3/28/2022, 10:10:13 AM - ERROR - while finding toy undefined | {}
3/28/2022, 10:10:19 AM - ERROR - while finding toy undefined | {}
3/28/2022, 4:38:02 PM - INFO - Server is running on port: 3030
3/28/2022, 4:38:08 PM - ERROR - while finding toy undefined | {}
3/28/2022, 4:38:15 PM - ERROR - cannot find boards | {}
3/28/2022, 4:38:30 PM - ERROR - cannot find boards | {}
3/28/2022, 4:39:10 PM - DEBUG - auth.service - signup with username: dvir, fullname: dvir abrm
3/28/2022, 4:39:10 PM - DEBUG - auth.service - login with username: dvir
3/28/2022, 4:40:20 PM - ERROR - while finding toy undefined | {}
3/28/2022, 4:40:29 PM - DEBUG - auth.service - signup with username: dan, fullname: dan
3/28/2022, 4:40:29 PM - DEBUG - auth.service - login with username: dan
3/28/2022, 4:40:38 PM - DEBUG - auth.service - login with username: dvir abrm
3/28/2022, 4:40:38 PM - ERROR - Failed to Login Invalid username or password
3/28/2022, 4:41:46 PM - ERROR - while finding toy undefined | {}
3/28/2022, 4:41:50 PM - DEBUG - auth.service - login with username: dvir abrm
3/28/2022, 4:41:50 PM - ERROR - Failed to Login Invalid username or password
3/28/2022, 4:42:17 PM - DEBUG - auth.service - login with username: dan
3/28/2022, 4:42:38 PM - ERROR - while finding toy undefined | {}
3/28/2022, 4:42:40 PM - DEBUG - auth.service - login with username: dvir abrm
3/28/2022, 4:42:40 PM - ERROR - Failed to Login Invalid username or password
3/28/2022, 4:42:47 PM - DEBUG - auth.service - login with username: dvir abrm
3/28/2022, 4:42:47 PM - ERROR - Failed to Login Invalid username or password
3/28/2022, 4:48:04 PM - INFO - Server is running on port: 3030
3/28/2022, 4:48:25 PM - DEBUG - auth.service - login with username: dvir abrm
3/28/2022, 4:48:25 PM - ERROR - Failed to Login Invalid username or password
3/28/2022, 4:48:26 PM - ERROR - cannot find boards | {}
3/28/2022, 4:49:02 PM - DEBUG - auth.service - signup with username: dvir abrm, fullname: dvir
3/28/2022, 4:49:02 PM - DEBUG - auth.service - login with username: dvir abrm
3/28/2022, 4:49:29 PM - ERROR - while finding toy undefined | {}
3/28/2022, 4:49:43 PM - DEBUG - auth.service - signup with username: dudu, fullname: gg
3/28/2022, 4:49:44 PM - DEBUG - auth.service - login with username: dudu
3/28/2022, 4:49:52 PM - DEBUG - auth.service - login with username: dvir
3/28/2022, 4:49:52 PM - ERROR - Failed to Login Invalid username or password
3/28/2022, 4:50:05 PM - DEBUG - auth.service - login with username: dvir
3/28/2022, 4:50:05 PM - ERROR - Failed to Login Invalid username or password
3/28/2022, 4:50:28 PM - DEBUG - auth.service - login with username: dvir abrm
3/28/2022, 4:51:15 PM - ERROR - while finding toy undefined | {}
3/28/2022, 4:51:30 PM - INFO - Server is running on port: 3030
3/28/2022, 4:51:58 PM - DEBUG - auth.service - signup with username: dddd, fullname: ddd
3/28/2022, 4:51:58 PM - DEBUG - auth.service - login with username: dddd
3/28/2022, 4:52:14 PM - ERROR - while finding toy undefined | {}
3/28/2022, 4:52:22 PM - DEBUG - auth.service - signup with username: ggg, fullname: ggg
3/28/2022, 4:52:23 PM - DEBUG - auth.service - login with username: ggg
3/28/2022, 4:52:33 PM - DEBUG - auth.service - login with username: ddd
3/28/2022, 4:52:33 PM - ERROR - Failed to Login Invalid username or password
3/28/2022, 4:52:52 PM - DEBUG - auth.service - login with username: ddd
3/28/2022, 4:52:52 PM - ERROR - Failed to Login Invalid username or password
3/28/2022, 4:53:00 PM - DEBUG - auth.service - login with username: dddd
3/28/2022, 4:53:27 PM - ERROR - while finding toy undefined | {}
3/28/2022, 4:53:33 PM - DEBUG - auth.service - login with username: ggg
3/28/2022, 4:55:05 PM - ERROR - while finding toy undefined | {}
3/28/2022, 4:55:10 PM - DEBUG - auth.service - login with username: ddd
3/28/2022, 4:55:10 PM - ERROR - Failed to Login Invalid username or password
3/28/2022, 4:55:16 PM - ERROR - while finding toy undefined | {}
3/28/2022, 4:55:22 PM - DEBUG - auth.service - login with username: dddd
3/28/2022, 6:53:50 PM - INFO - Server is running on port: 3030
3/28/2022, 7:00:34 PM - DEBUG - auth.service - login with username: guest
3/28/2022, 7:00:34 PM - ERROR - Failed to Login Invalid username or password
3/28/2022, 7:00:35 PM - DEBUG - auth.service - login with username: guest
3/28/2022, 7:00:35 PM - ERROR - Failed to Login Invalid username or password
3/28/2022, 7:00:37 PM - DEBUG - auth.service - login with username: guest
3/28/2022, 7:00:37 PM - ERROR - Failed to Login Invalid username or password
3/28/2022, 7:00:38 PM - DEBUG - auth.service - login with username: guest
3/28/2022, 7:00:38 PM - ERROR - Failed to Login Invalid username or password
3/28/2022, 7:00:38 PM - DEBUG - auth.service - login with username: guest
3/28/2022, 7:00:38 PM - ERROR - Failed to Login Invalid username or password
3/28/2022, 7:00:41 PM - DEBUG - auth.service - login with username: guest
3/28/2022, 7:00:41 PM - ERROR - Failed to Login Invalid username or password
3/28/2022, 7:00:41 PM - DEBUG - auth.service - login with username: guest
3/28/2022, 7:00:41 PM - ERROR - Failed to Login Invalid username or password
3/28/2022, 7:00:41 PM - DEBUG - auth.service - login with username: guest
3/28/2022, 7:00:41 PM - ERROR - Failed to Login Invalid username or password
3/28/2022, 7:00:41 PM - DEBUG - auth.service - login with username: guest
3/28/2022, 7:00:41 PM - ERROR - Failed to Login Invalid username or password
3/28/2022, 7:00:42 PM - DEBUG - auth.service - login with username: guest
3/28/2022, 7:00:42 PM - ERROR - Failed to Login Invalid username or password
3/28/2022, 7:00:42 PM - DEBUG - auth.service - login with username: guest
3/28/2022, 7:00:42 PM - ERROR - Failed to Login Invalid username or password
3/28/2022, 7:00:42 PM - DEBUG - auth.service - login with username: guest
3/28/2022, 7:00:42 PM - ERROR - Failed to Login Invalid username or password
3/28/2022, 7:00:42 PM - DEBUG - auth.service - login with username: guest
3/28/2022, 7:00:42 PM - ERROR - Failed to Login Invalid username or password
3/28/2022, 7:00:45 PM - DEBUG - auth.service - login with username: guest
3/28/2022, 7:00:45 PM - ERROR - Failed to Login Invalid username or password
3/28/2022, 7:00:59 PM - DEBUG - auth.service - login with username: guest
3/28/2022, 7:00:59 PM - ERROR - Failed to Login Invalid username or password
3/28/2022, 7:01:13 PM - DEBUG - auth.service - login with username: guest
3/28/2022, 7:01:13 PM - ERROR - Failed to Login Invalid username or password
3/28/2022, 7:01:19 PM - DEBUG - auth.service - signup with username: guest, fullname: guest
3/28/2022, 7:01:19 PM - DEBUG - auth.service - login with username: guest
3/28/2022, 7:14:12 PM - DEBUG - auth.service - login with username: guest
3/28/2022, 7:32:20 PM - DEBUG - auth.service - login with username: guest
3/28/2022, 8:53:31 PM - ERROR - while finding toy undefined | {}
3/28/2022, 8:53:33 PM - DEBUG - auth.service - login with username: dvir abrm
3/28/2022, 8:53:33 PM - ERROR - Failed to Login Invalid username or password
3/28/2022, 8:53:45 PM - DEBUG - auth.service - signup with username: dvir abrm, fullname: d g
3/28/2022, 8:53:45 PM - DEBUG - auth.service - login with username: dvir abrm
3/28/2022, 8:54:03 PM - DEBUG - auth.service - login with username: guest
3/28/2022, 8:54:04 PM - ERROR - Failed to Login Invalid username or password
3/28/2022, 8:54:09 PM - DEBUG - auth.service - login with username: guest
3/28/2022, 8:54:27 PM - ERROR - while finding toy undefined | {}
3/28/2022, 8:54:36 PM - DEBUG - auth.service - login with username: dddd
3/28/2022, 10:16:31 PM - INFO - Server is running on port: 3030
3/28/2022, 10:18:46 PM - INFO - Server is running on port: 3030
3/28/2022, 10:18:56 PM - DEBUG - auth.service - login with username: guest
3/28/2022, 10:22:49 PM - DEBUG - auth.service - login with username: guest
3/28/2022, 10:27:06 PM - DEBUG - auth.service - login with username: dvir6g6@gmail.com
3/28/2022, 10:27:06 PM - ERROR - Failed to Login Invalid username or password
3/28/2022, 10:27:06 PM - DEBUG - auth.service - signup with username: dvir6g6@gmail.com, fullname: Dvir Avraham
3/28/2022, 10:27:06 PM - DEBUG - auth.service - login with username: dvir6g6@gmail.com
3/28/2022, 10:30:16 PM - DEBUG - auth.service - login with username: dvir6g6@gmail.com
3/29/2022, 12:16:05 AM - DEBUG - auth.service - login with username: guest
3/29/2022, 12:39:07 AM - DEBUG - auth.service - login with username: guest
3/29/2022, 9:49:44 AM - INFO - Server is running on port: 3030
3/29/2022, 11:00:38 AM - INFO - Server is running on port: 3030
3/29/2022, 11:01:00 AM - DEBUG - auth.service - login with username: guest
3/29/2022, 11:15:45 AM - DEBUG - auth.service - login with username: dvir6g6@gmail.com
3/29/2022, 11:15:45 AM - ERROR - Failed to Login Error: data and hash arguments required
3/29/2022, 11:15:45 AM - DEBUG - auth.service - signup with username: dvir6g6@gmail.com, fullname: Dvir Avraham
3/29/2022, 11:15:45 AM - ERROR - Failed to signup username already exists
3/29/2022, 11:16:13 AM - DEBUG - auth.service - login with username: dvir6g6@gmail.com
3/29/2022, 11:16:13 AM - ERROR - Failed to Login Error: data and hash arguments required
3/29/2022, 11:16:13 AM - DEBUG - auth.service - signup with username: dvir6g6@gmail.com, fullname: Dvir Avraham
3/29/2022, 11:16:13 AM - ERROR - Failed to signup username already exists
3/29/2022, 11:17:05 AM - DEBUG - auth.service - login with username: dvir6g6@gmail.com
3/29/2022, 11:17:05 AM - ERROR - Failed to Login Invalid username or password
3/29/2022, 11:17:05 AM - DEBUG - auth.service - signup with username: dvir6g6@gmail.com, fullname: Dvir Avraham
3/29/2022, 11:17:05 AM - DEBUG - auth.service - login with username: dvir6g6@gmail.com
3/29/2022, 11:39:56 AM - INFO - Server is running on port: 3030
3/29/2022, 11:42:21 AM - INFO - Server is running on port: 3030
3/29/2022, 12:08:53 PM - INFO - Server is running on port: 3030
3/29/2022, 12:10:22 PM - INFO - Server is running on port: 3030
3/29/2022, 12:11:15 PM - INFO - Server is running on port: 3030
3/29/2022, 12:18:13 PM - INFO - Server is running on port: 3030
3/29/2022, 12:20:19 PM - INFO - Server is running on port: 3030
3/29/2022, 12:21:18 PM - INFO - Server is running on port: 3030
3/29/2022, 12:24:44 PM - DEBUG - auth.service - signup with username: 1, fullname: 1
3/29/2022, 12:24:44 PM - DEBUG - auth.service - login with username: 1
3/29/2022, 12:27:16 PM - INFO - Server is running on port: 3030
3/29/2022, 12:37:08 PM - INFO - Server is running on port: 3030
3/29/2022, 12:38:01 PM - INFO - Server is running on port: 3030
3/29/2022, 3:15:14 PM - INFO - Server is running on port: 3030
3/29/2022, 3:15:27 PM - DEBUG - auth.service - login with username: guest
3/29/2022, 3:15:27 PM - ERROR - Failed to Login Invalid username or password
3/29/2022, 3:15:28 PM - DEBUG - auth.service - login with username: guest
3/29/2022, 3:15:28 PM - ERROR - Failed to Login Invalid username or password
3/29/2022, 3:15:39 PM - DEBUG - auth.service - login with username: dvir6g6@gmail.com
3/29/2022, 3:24:14 PM - INFO - Server is running on port: 3030
3/29/2022, 3:27:43 PM - DEBUG - auth.service - login with username: dvir6g6@gmail.com
3/29/2022, 3:27:48 PM - DEBUG - auth.service - login with username: 1
3/29/2022, 5:06:05 PM - DEBUG - auth.service - signup with username: dvir abrm, fullname: dvir abrm
3/29/2022, 5:06:05 PM - DEBUG - auth.service - login with username: dvir abrm
3/29/2022, 5:38:04 PM - DEBUG - auth.service - login with username: dvir6g6@gmail.com
3/29/2022, 6:16:35 PM - INFO - Server is running on port: 3030
3/29/2022, 6:19:05 PM - INFO - Server is running on port: 3030
3/29/2022, 6:20:27 PM - ERROR - cannot update board 624312522cb91e4b1cbcaf38 | {}
3/29/2022, 6:20:29 PM - ERROR - cannot update board 624312522cb91e4b1cbcaf38 | {}
3/29/2022, 6:20:31 PM - ERROR - cannot update board 624312522cb91e4b1cbcaf38 | {}
3/29/2022, 6:20:32 PM - ERROR - cannot update board 624312522cb91e4b1cbcaf38 | {}
3/29/2022, 6:21:32 PM - DEBUG - auth.service - login with username: 1
3/29/2022, 6:22:09 PM - ERROR - cannot update board 6242c087ae7714f734676be7 | {}
3/29/2022, 6:23:45 PM - INFO - Server is running on port: 3030
3/29/2022, 6:24:40 PM - DEBUG - auth.service - login with username: guest
3/29/2022, 6:24:40 PM - ERROR - Failed to Login Invalid username or password
3/29/2022, 6:25:06 PM - DEBUG - auth.service - login with username: dvir6g6@gmail.com
3/29/2022, 6:25:50 PM - DEBUG - auth.service - login with username: 1
3/29/2022, 6:26:02 PM - ERROR - cannot update board 6242c087ae7714f734676be7 | {}
3/29/2022, 6:37:05 PM - INFO - Server is running on port: 3030
3/29/2022, 6:38:04 PM - INFO - Server is running on port: 3030
3/29/2022, 6:38:09 PM - INFO - Server is running on port: 3030
3/29/2022, 6:38:34 PM - INFO - Server is running on port: 3030
3/29/2022, 6:39:14 PM - DEBUG - auth.service - login with username: dvir6g6@gmail.com
3/29/2022, 6:39:20 PM - DEBUG - auth.service - login with username: 1
3/29/2022, 6:40:08 PM - INFO - Server is running on port: 3030
3/29/2022, 6:41:36 PM - INFO - Server is running on port: 3030
3/29/2022, 6:41:57 PM - INFO - Server is running on port: 3030
3/29/2022, 6:42:12 PM - INFO - Server is running on port: 3030
3/29/2022, 6:42:32 PM - ERROR - cannot find boards | {}
3/29/2022, 6:42:34 PM - ERROR - cannot find boards | {}
3/29/2022, 6:42:40 PM - DEBUG - auth.service - login with username: dvir6g6@gmail.com
3/29/2022, 6:42:48 PM - DEBUG - auth.service - login with username: 1
3/29/2022, 6:44:25 PM - INFO - Server is running on port: 3030
3/29/2022, 6:45:51 PM - INFO - Server is running on port: 3030
3/29/2022, 6:47:22 PM - INFO - Server is running on port: 3030
3/29/2022, 6:47:33 PM - ERROR - cannot find boards | {}
3/29/2022, 6:47:39 PM - DEBUG - auth.service - login with username: dvir6g6@gmail.com
3/29/2022, 6:47:42 PM - DEBUG - auth.service - login with username: 1
3/29/2022, 6:52:07 PM - INFO - Server is running on port: 3030
3/29/2022, 6:52:26 PM - INFO - Server is running on port: 3030
3/29/2022, 6:53:10 PM - INFO - Server is running on port: 3030
3/29/2022, 6:53:26 PM - DEBUG - auth.service - login with username: dvir6g6@gmail.com
3/29/2022, 6:53:32 PM - DEBUG - auth.service - login with username: 1
3/29/2022, 6:54:52 PM - DEBUG - auth.service - login with username: dvir6g6@gmail.com
3/29/2022, 6:54:57 PM - DEBUG - auth.service - login with username: 1
3/29/2022, 6:58:08 PM - INFO - Server is running on port: 3030
3/29/2022, 6:58:14 PM - INFO - Server is running on port: 3030
3/29/2022, 6:58:35 PM - DEBUG - auth.service - login with username: dvir6g6@gmail.com
3/29/2022, 6:58:40 PM - DEBUG - auth.service - login with username: 1
3/29/2022, 6:58:53 PM - ERROR - Failed to update toy | {}
3/29/2022, 6:59:25 PM - INFO - Server is running on port: 3030
3/29/2022, 6:59:28 PM - ERROR - Failed to update toy | {}
3/29/2022, 6:59:44 PM - INFO - Server is running on port: 3030
3/29/2022, 6:59:45 PM - ERROR - Failed to update toy | {}
3/29/2022, 6:59:52 PM - ERROR - Failed to update toy | {}
3/29/2022, 7:00:06 PM - INFO - Server is running on port: 3030
3/29/2022, 7:00:07 PM - ERROR - Failed to update toy | {}
3/29/2022, 7:00:09 PM - ERROR - Failed to update toy | {}
3/29/2022, 7:00:46 PM - INFO - Server is running on port: 3030
3/29/2022, 7:05:33 PM - ERROR - cannot find boards | {}
3/29/2022, 7:05:33 PM - ERROR - Failed to get boards | {}
3/29/2022, 7:05:34 PM - ERROR - cannot find boards | {}
3/29/2022, 7:05:34 PM - ERROR - Failed to get boards | {}
3/29/2022, 7:05:46 PM - INFO - Server is running on port: 3030
3/29/2022, 7:05:55 PM - DEBUG - auth.service - login with username: dvir6g6@gmail.com
3/29/2022, 7:06:00 PM - DEBUG - auth.service - login with username: 1
3/29/2022, 7:20:54 PM - DEBUG - auth.service - login with username: dvir6g6@gmail.com
3/29/2022, 7:20:59 PM - DEBUG - auth.service - login with username: dvir abrm1
3/29/2022, 7:20:59 PM - ERROR - Failed to Login Invalid username or password
3/29/2022, 7:21:02 PM - DEBUG - auth.service - login with username: 1
3/29/2022, 7:21:58 PM - DEBUG - auth.service - login with username: dvir6g6@gmail.com
3/29/2022, 7:22:02 PM - DEBUG - auth.service - login with username: 1
3/29/2022, 7:26:02 PM - DEBUG - auth.service - login with username: 1
3/29/2022, 7:31:16 PM - DEBUG - auth.service - login with username: dvir6g6@gmail.com
3/29/2022, 7:31:20 PM - DEBUG - auth.service - login with username: 1
3/29/2022, 7:37:17 PM - INFO - Server is running on port: 3030
